<?xml version="1.0" encoding="UTF-8"?>
<!-- Generated by org.testng.reporters.JUnitReportReporter -->
<testsuite skipped="0" hostname="LAPTOP-A25MDK0B" name="TestNG_TUTORIALS.DataProviderDemo" tests="3" failures="0" timestamp="22 Nov 2017 21:05:58 GMT" time="64.591" errors="0">
  <testcase name="login" time="15.828" classname="TestNG_TUTORIALS.DataProviderDemo"/>
  <testcase name="login" time="14.102" classname="TestNG_TUTORIALS.DataProviderDemo"/>
  <testcase name="login" time="34.661" classname="TestNG_TUTORIALS.DataProviderDemo"/>
</testsuite> <!-- TestNG_TUTORIALS.DataProviderDemo -->
