<?xml version="1.0" encoding="UTF-8"?>
<!-- Generated by org.testng.reporters.JUnitReportReporter -->
<testsuite skipped="0" hostname="LAPTOP-A25MDK0B" name="POPUP_WINDOW_OR_BOOTSTRAP.Popwindow" tests="1" failures="0" timestamp="19 Dec 2017 10:57:22 GMT" time="66.327" errors="0">
  <testcase name="testPopupwindow" time="66.327" classname="POPUP_WINDOW_OR_BOOTSTRAP.Popwindow"/>
</testsuite> <!-- POPUP_WINDOW_OR_BOOTSTRAP.Popwindow -->
