<?xml version="1.0" encoding="UTF-8"?>
<!-- Generated by org.testng.reporters.JUnitReportReporter -->
<testsuite skipped="0" hostname="LAPTOP-A25MDK0B" name="SCROLLUP_AND_DOWN.ViewScrolling" tests="1" failures="0" timestamp="22 Nov 2017 08:24:00 GMT" time="22.910" errors="0">
  <testcase name="second" time="22.910" classname="SCROLLUP_AND_DOWN.ViewScrolling"/>
</testsuite> <!-- SCROLLUP_AND_DOWN.ViewScrolling -->
