<?xml version="1.0" encoding="UTF-8"?>
<!-- Generated by org.testng.reporters.JUnitReportReporter -->
<testsuite skipped="0" hostname="LAPTOP-A25MDK0B" name="ERROR_MESSAGE_VERIFY.VerifyErrorMessage2" tests="1" failures="0" timestamp="13 Dec 2017 06:50:57 GMT" time="14.603" errors="0">
  <testcase name="mytest" time="14.603" classname="ERROR_MESSAGE_VERIFY.VerifyErrorMessage2"/>
</testsuite> <!-- ERROR_MESSAGE_VERIFY.VerifyErrorMessage2 -->
