<?xml version="1.0" encoding="UTF-8"?>
<!-- Generated by org.testng.reporters.JUnitReportReporter -->
<testsuite skipped="0" hostname="LAPTOP-A25MDK0B" name="PARAMETER_IN_XML.login" tests="1" failures="0" timestamp="30 Nov 2017 19:43:13 GMT" time="44.596" errors="0">
  <testcase name="Valid_login" time="44.596" classname="PARAMETER_IN_XML.login"/>
</testsuite> <!-- PARAMETER_IN_XML.login -->
