<?xml version="1.0" encoding="UTF-8"?>
<!-- Generated by org.testng.reporters.JUnitReportReporter -->
<testsuite skipped="0" hostname="LAPTOP-A25MDK0B" name="WAIT.ExplicitWaitDemo" tests="1" failures="0" timestamp="24 Nov 2017 17:58:54 GMT" time="24.802" errors="0">
  <testcase name="explicit" time="24.802" classname="WAIT.ExplicitWaitDemo"/>
</testsuite> <!-- WAIT.ExplicitWaitDemo -->
