<?xml version="1.0" encoding="UTF-8"?>
<!-- Generated by org.testng.reporters.JUnitReportReporter -->
<testsuite skipped="0" hostname="LAPTOP-A25MDK0B" name="MOUSEH_HOVER.First_Mouse_Function" tests="1" failures="0" timestamp="22 Nov 2017 08:16:24 GMT" time="32.685" errors="0">
  <testcase name="mouse_action" time="32.685" classname="MOUSEH_HOVER.First_Mouse_Function"/>
</testsuite> <!-- MOUSEH_HOVER.First_Mouse_Function -->
