<?xml version="1.0" encoding="UTF-8"?>
<!-- Generated by org.testng.reporters.JUnitReportReporter -->
<testsuite skipped="1" hostname="LAPTOP-A25MDK0B" name="TESTNG_TUTORIALS.VerifyTitle" tests="2" failures="0" timestamp="15 Nov 2017 16:22:30 GMT" time="10.053" errors="0">
  <testcase name="pagesource" time="10.053" classname="TESTNG_TUTORIALS.VerifyTitle"/>
  <testcase name="title" classname="TESTNG_TUTORIALS.VerifyTitle">
    <skipped/>
  </testcase> <!-- title -->
</testsuite> <!-- TESTNG_TUTORIALS.VerifyTitle -->
