<?xml version="1.0" encoding="UTF-8"?>
<!-- Generated by org.testng.reporters.JUnitReportReporter -->
<testsuite skipped="0" hostname="LAPTOP-A25MDK0B" name="PAGE_FACTORY.Test_Cases" tests="1" failures="0" timestamp="20 Feb 2018 19:50:46 GMT" time="17.413" errors="0">
  <testcase name="test" time="17.413" classname="PAGE_FACTORY.Test_Cases"/>
</testsuite> <!-- PAGE_FACTORY.Test_Cases -->
