<?xml version="1.0" encoding="UTF-8"?>
<!-- Generated by org.testng.reporters.JUnitReportReporter -->
<testsuite skipped="0" hostname="LAPTOP-A25MDK0B" name="SCROLLUP_AND_DOWN.ScrollDemo" tests="1" failures="0" timestamp="22 Nov 2017 08:21:53 GMT" time="19.743" errors="0">
  <testcase name="first" time="19.743" classname="SCROLLUP_AND_DOWN.ScrollDemo"/>
</testsuite> <!-- SCROLLUP_AND_DOWN.ScrollDemo -->
