<?xml version="1.0" encoding="UTF-8"?>
<!-- Generated by org.testng.reporters.JUnitReportReporter -->
<testsuite skipped="0" hostname="LAPTOP-A25MDK0B" name="LearnDataDrivenFrameWork.FirstDemo" tests="1" failures="0" timestamp="02 Dec 2017 18:56:10 GMT" time="2.182" errors="0">
  <testcase name="exceldat" time="2.182" classname="LearnDataDrivenFrameWork.FirstDemo"/>
</testsuite> <!-- LearnDataDrivenFrameWork.FirstDemo -->
