<?xml version="1.0" encoding="UTF-8"?>
<!-- Generated by org.testng.reporters.JUnitReportReporter -->
<testsuite skipped="0" hostname="LAPTOP-A25MDK0B" name="TestNG_TUTORIALS.Include_Exclude" tests="2" failures="0" timestamp="22 Nov 2017 20:24:26 GMT" time="0.022" errors="0">
  <testcase name="Test3" time="0.003" classname="TestNG_TUTORIALS.Include_Exclude"/>
  <testcase name="Test1" time="0.019" classname="TestNG_TUTORIALS.Include_Exclude"/>
</testsuite> <!-- TestNG_TUTORIALS.Include_Exclude -->
