<?xml version="1.0" encoding="UTF-8"?>
<!-- Generated by org.testng.reporters.JUnitReportReporter -->
<testsuite skipped="0" hostname="LAPTOP-A25MDK0B" name="CORDINATE_OF_LINK.SignIN" tests="1" failures="0" timestamp="13 Dec 2017 05:49:44 GMT" time="13.618" errors="0">
  <testcase name="xycordinate" time="13.618" classname="CORDINATE_OF_LINK.SignIN"/>
</testsuite> <!-- CORDINATE_OF_LINK.SignIN -->
