<?xml version="1.0" encoding="UTF-8"?>
<!-- Generated by org.testng.reporters.JUnitReportReporter -->
<testsuite skipped="0" hostname="LAPTOP-A25MDK0B" name="AUTOIT_FILE_UPLOAD.UploadFile" tests="1" failures="0" timestamp="22 Dec 2017 19:21:53 GMT" time="33.565" errors="0">
  <testcase name="upload" time="33.565" classname="AUTOIT_FILE_UPLOAD.UploadFile"/>
</testsuite> <!-- AUTOIT_FILE_UPLOAD.UploadFile -->
