<?xml version="1.0" encoding="UTF-8"?>
<!-- Generated by org.testng.reporters.JUnitReportReporter -->
<testsuite skipped="0" hostname="LAPTOP-A25MDK0B" name="pom.medimention.pages.VerifyLoginPage" tests="1" failures="0" timestamp="15 Nov 2017 05:35:35 GMT" time="21.530" errors="0">
  <testcase name="verifylogin" time="21.530" classname="pom.medimention.pages.VerifyLoginPage"/>
</testsuite> <!-- pom.medimention.pages.VerifyLoginPage -->
