<?xml version="1.0" encoding="UTF-8"?>
<!-- Generated by org.testng.reporters.JUnitReportReporter -->
<testsuite skipped="0" hostname="LAPTOP-A25MDK0B" name="EXCELDATA_UPLOADING.Dataprovider" tests="6" failures="0" timestamp="26 Dec 2017 09:22:19 GMT" time="94.666" errors="0">
  <testcase name="login" time="13.781" classname="EXCELDATA_UPLOADING.Dataprovider"/>
  <testcase name="login" time="16.457" classname="EXCELDATA_UPLOADING.Dataprovider"/>
  <testcase name="login" time="16.422" classname="EXCELDATA_UPLOADING.Dataprovider"/>
  <testcase name="login" time="14.640" classname="EXCELDATA_UPLOADING.Dataprovider"/>
  <testcase name="login" time="19.780" classname="EXCELDATA_UPLOADING.Dataprovider"/>
  <testcase name="login" time="13.586" classname="EXCELDATA_UPLOADING.Dataprovider"/>
</testsuite> <!-- EXCELDATA_UPLOADING.Dataprovider -->
