<?xml version="1.0" encoding="UTF-8"?>
<!-- Generated by org.testng.reporters.JUnitReportReporter -->
<testsuite skipped="0" hostname="LAPTOP-A25MDK0B" name="TestNG_TUTORIALS.Dependency2RealExample" tests="3" failures="0" timestamp="16 Dec 2017 12:21:09 GMT" time="24.420" errors="0">
  <testcase name="loginApp" time="7.721" classname="TestNG_TUTORIALS.Dependency2RealExample"/>
  <testcase name="startApp" time="9.882" classname="TestNG_TUTORIALS.Dependency2RealExample"/>
  <testcase name="logoutApp" time="6.817" classname="TestNG_TUTORIALS.Dependency2RealExample"/>
</testsuite> <!-- TestNG_TUTORIALS.Dependency2RealExample -->
