<?xml version="1.0" encoding="UTF-8"?>
<!-- Generated by org.testng.reporters.JUnitReportReporter -->
<testsuite skipped="0" hostname="LAPTOP-A25MDK0B" name="TestNG_TUTORIALS.GroupingExample" tests="4" failures="0" timestamp="22 Nov 2017 20:14:45 GMT" time="0.026" errors="0">
  <testcase name="Test2" time="0.002" classname="TestNG_TUTORIALS.GroupingExample"/>
  <testcase name="Test3" time="0.005" classname="TestNG_TUTORIALS.GroupingExample"/>
  <testcase name="Test4" time="0.006" classname="TestNG_TUTORIALS.GroupingExample"/>
  <testcase name="Test1" time="0.013" classname="TestNG_TUTORIALS.GroupingExample"/>
</testsuite> <!-- TestNG_TUTORIALS.GroupingExample -->
