<?xml version="1.0" encoding="UTF-8"?>
<!-- Generated by org.testng.reporters.JUnitReportReporter -->
<testsuite skipped="0" hostname="LAPTOP-A25MDK0B" name="ALERTWINDOW.AlertDemo" tests="1" failures="0" timestamp="22 Nov 2017 08:45:51 GMT" time="17.367" errors="0">
  <testcase name="first" time="17.367" classname="ALERTWINDOW.AlertDemo"/>
</testsuite> <!-- ALERTWINDOW.AlertDemo -->
